Đạo_diễn	Np	B-NP
Khải_Hưng	Np	I-NP
vừa	R	B-VP
cho	V	I-VP
VietNamNet	Np	B-NP
biết	V	B-VP
ông	P	B-NP
sẽ	R	B-VP
đứng	V	I-VP
lên	E	B-PP
vận_động	V	B-VP
các	L	B-NP
nghệ	N	I-NP
khác	A	I-NP
ký_tên	V	B-VP
vào	E	B-PP
lá	Nc	B-NP
đơn	N	I-NP
đề_nghị	V	B-VP
Chủ_tịch	N	B-NP
nước	N	I-NP
truy_tặng	V	B-VP
danh_hiệu	N	B-NP
cho	E	B-PP
cố	V	B-VP
nghệ_sĩ	N	B-NP
Văn_Hiệp	Np	I-NP
.	.	O
Hiếm	Np	B-NP
có	V	B-VP
một	M	B-NP
nghệ_sĩ	N	I-NP
nào	E	B-PP
được	V	B-VP
bạn_bè	N	B-NP
,	,	I-NP
đồng_nghiệp	N	I-NP
yêu_quý	V	B-VP
và	C	I-VP
kính_trọng	V	I-VP
như	C	I-VP
Văn_Hiệp	Np	B-NP
,	,	O
cũng	R	B-AP
hiếm	A	I-AP
có	V	B-VP
một	M	B-NP
nghệ_sĩ	N	I-NP
nào	X	I-NP
được	V	B-VP
người	N	B-NP
hâm_mộ	V	B-VP
nhiều	A	B-NP
thế_hệ	N	I-NP
,	,	I-NP
trong	E	B-PP
đó	T	B-NP
có	T	I-NP
cả	T	I-NP
những	L	I-NP
khán_giả	N	I-NP
trẻ	A	I-NP
yêu_mến	V	B-VP
và	C	I-VP
gọi	V	I-VP
ông	P	B-NP
là	C	B-VP
người	Nc	B-NP
nghệ_sĩ	N	I-NP
của	E	B-PP
nhân_dân	N	B-NP
như	C	I-NP
Văn_Hiệp	Np	I-NP
.	.	I-NP
Một	M	I-NP
nghệ_sĩ	N	I-NP
cả	N	I-NP
đời	N	I-NP
làm	V	B-VP
nghệ_thuật	N	B-NP
,	,	O
không	R	B-AP
màu_mè	A	I-AP
,	,	O
không	R	B-NP
tiền_bạc	N	I-NP
,	,	I-NP
không	R	B-AP
danh_xưng	A	I-AP
nhưng	C	O
lại	R	B-VP
được	V	I-VP
nhắc	V	I-VP
đến	E	B-PP
với	E	I-PP
cả	T	B-NP
lòng	N	I-NP
tôn_kính	V	I-NP
.	.	O
Ông	Nc	B-NP
ra_đi	V	B-VP
ở	E	B-PP
tuổi	N	B-NP
72	M	I-NP
,	,	O
không	R	B-VP
còn	V	I-VP
quá	T	B-AP
trẻ	A	I-AP
nhưng	C	B-VP
vẫn	R	I-VP
khiến	V	I-VP
nhiều	A	B-NP
người	N	I-NP
bàng_hoàng	A	I-NP
,	,	B-VP
tiếc_thương	V	I-VP
một	M	B-NP
con_người	N	I-NP
tài_năng	N	I-NP
,	,	I-NP
giản_dị	A	B-AP
và	C	I-AP
tử_tế	A	I-AP
.	.	O
Nhiều	A	B-NP
người	N	I-NP
gọi	V	B-VP
ông	P	B-NP
là	C	B-VP
nghệ_sĩ_nhân_dân	N	B-NP
bởi	E	B-PP
những	L	B-NP
vai_diễn	N	I-NP
của	E	B-PP
ông	Nc	B-NP
trên	A	I-NP
màn_ảnh	N	I-NP
,	,	O
dù	C	O
chỉ	R	B-PP
trong	E	I-PP
những	L	B-NP
tiểu_phẩm	N	I-NP
hài	Nc	I-NP
nhỏ	N	I-NP
cũng	R	B-VP
khiến	V	I-VP
người_ta	N	B-NP
nhớ	V	B-VP
tới	T	I-VP
bởi	E	B-PP
diễn_xuất	V	B-VP
chân_thật	A	B-AP
,	,	I-AP
giản_dị	A	I-AP
như	C	I-AP
chính	N	B-NP
con_người	N	I-NP
Văn_Hiệp	Np	I-NP
.	.	O
Vậy_mà	C	O
ở	E	B-PP
cái	M	B-NP
tuổi	N	I-NP
72	M	I-NP
,	,	O
sau	N	B-NP
cả	N	I-NP
nửa	M	I-NP
thế_kỷ	N	I-NP
làm	V	B-VP
diễn_viên	N	B-NP
ông	P	I-NP
vẫn	R	B-VP
chưa	R	I-VP
được	V	I-VP
nhận	V	I-VP
một	M	B-NP
danh_hiệu	N	I-NP
nào	N	I-NP
chỉ	R	B-VP
vì	E	O
ông	P	B-NP
không	R	B-VP
có	V	I-VP
đủ	A	B-AP
huân_chương	N	B-NP
,	,	I-NP
giải_thưởng	N	I-NP
để	E	B-PP
được	V	B-VP
xét_duyệt	V	I-VP
.	.	O
"	"	O
Thủ_tục	N	B-NP
vẫn	R	B-VP
là	V	I-VP
thủ_tục	N	B-NP
bởi	E	O
nếu_không	N	B-NP
có	V	B-VP
nó	P	B-NP
chúng_ta	P	I-NP
sẽ	R	B-VP
rơi	V	I-VP
vào	V	I-VP
tranh_luận	V	I-VP
,	,	I-VP
sa_lầy	V	I-VP
không	R	B-AP
đúng	A	I-AP
nguyên_tắc	N	B-NP
.	.	I-NP
Thực_tế	N	I-NP
anh	Nc	I-NP
Văn_Hiệp	Np	I-NP
không	R	B-PP
ở	E	I-PP
đoàn_thể	N	B-NP
nào	A	I-NP
nên	V	B-VP
rất	R	B-AP
thiệt_thòi	A	I-AP
.	.	B-NP
Anh_ấy	Np	I-NP
từ	E	B-PP
Nhà_hát	Np	B-NP
Kịch	Np	I-NP
đi	V	B-VP
ra	R	I-VP
,	,	I-VP
là	V	I-VP
diễn_viên	N	B-NP
tự_do	A	I-NP
,	,	B-VP
không	R	I-VP
tham_gia	V	I-VP
vở	N	B-NP
diễn	N	I-NP
gì	N	I-NP
mà	C	B-VP
dự	V	I-VP
hội_diễn	N	B-NP
để	E	B-PP
có	V	B-VP
huy_chương	N	B-NP
mà	C	I-NP
theo	V	B-VP
đúng	A	B-AP
luật	N	B-NP
,	,	O
có	V	B-VP
huy_chương	N	B-NP
thì	C	O
mới	A	B-VP
được	V	I-VP
xét	V	I-VP
danh_hiệu	N	B-NP
nghệ_sĩ	N	I-NP
.	.	I-NP
Nhưng	C	I-NP
cũng	R	I-NP
chính	T	I-NP
vì_thế	C	O
mà	C	O
Văn_Hiệp	Np	B-NP
rất	R	B-AP
oan	A	I-AP
dù	C	O
anh_ấy	N	B-NP
xứng_đáng	A	I-NP
được	V	B-VP
trân_trọng	V	I-VP
.	.	B-NP
Vì	Np	I-NP
anh_ấy	N	I-NP
không	R	B-VP
đóng	V	I-VP
vai	N	B-NP
chính_kịch	N	I-NP
nên	V	B-VP
không	R	I-VP
có	V	I-VP
huy_chương	N	B-NP
nhưng	C	I-NP
điều	N	I-NP
lớn	A	I-NP
nhất_là	X	I-NP
những	L	I-NP
vai_diễn	N	I-NP
của	E	B-PP
Văn_Hiệp	Np	B-NP
đi	V	B-VP
vào	E	B-PP
lòng	N	B-NP
người	Nb	I-NP
.	.	I-NP
Văn_Hiệp	Np	I-NP
rất	R	B-AP
xứng_đáng	A	I-AP
là	C	I-AP
nghệ_sĩ	N	B-NP
của	E	B-PP
nhân_dân	N	B-NP
"	"	I-NP
,	,	O
NSND	Ny	B-NP
Khải_Hưng	Np	I-NP
,	,	I-NP
người	Nc	I-NP
từng	R	B-VP
cộng_tác	V	I-VP
với	E	B-PP
nghệ_sĩ	N	B-NP
Văn_Hiệp	Np	I-NP
trong	E	B-PP
phim	N	B-NP
Mặt_trời	N	I-NP
bé_con	N	I-NP
(	(	I-NP
1985	M	I-NP
)	)	I-NP
nói	V	B-VP
.	.	O
Một	M	B-NP
thời_gian	N	I-NP
dài	A	I-NP
làm_việc	V	B-VP
với	E	B-PP
nghệ_sĩ	N	B-NP
Văn_Hiệp	Np	I-NP
,	,	I-NP
đặc_biệt	A	B-AP
là	C	I-AP
trong	E	B-PP
những	L	B-NP
chương_trình	N	I-NP
hài	N	I-NP
Gặp	V	B-VP
nhau	N	I-VP
cuối	N	B-NP
tuần	N	I-NP
,	,	O
NSND	Ny	B-NP
Khải_Hưng	Np	I-NP
cho_biết	V	B-VP
:	:	I-VP
"	"	I-VP
Phải	V	I-VP
nói	V	I-VP
là	C	O
thái_độ	N	B-NP
làm_việc	V	I-NP
và	C	I-NP
sự	Nc	I-NP
lao_động	N	I-NP
của	E	B-PP
anh_ấy	N	B-NP
rất	R	B-AP
nghiêm_túc	A	I-AP
.	.	O
Tôi	P	B-NP
là	V	B-VP
đạo_diễn	A	B-AP
nhưng	C	O
tôi	P	B-NP
thấy	V	B-VP
học	Nb	B-NP
được	R	B-VP
từ	E	B-PP
anh_ấy	N	B-NP
rất	R	I-NP
nhiều	A	I-NP
.	.	I-NP
Làm_việc	Np	I-NP
với	E	B-PP
Văn_Hiệp	Np	B-NP
rất	R	B-VP
thích	V	I-VP
vì	E	B-PP
anh_ấy	N	B-NP
rất	R	B-VP
thuộc	V	I-VP
kịch_bản	N	B-NP
.	.	O

